Arguments: 
  C:\Program Files\nodejs\node.exe C:\Program Files\nodejs\node_modules\yarn\bin\yarn.js install

PATH: 
  C:\Users\Pavel Vitaliov\bin;C:\Program Files\Git\mingw64\bin;C:\Program Files\Git\usr\local\bin;C:\Program Files\Git\usr\bin;C:\Program Files\Git\usr\bin;C:\Program Files\Git\mingw64\bin;C:\Program Files\Git\usr\bin;C:\Users\Pavel Vitaliov\bin;C:\Windows\system32;C:\Windows;C:\Windows\System32\Wbem;C:\Windows\System32\WindowsPowerShell\v1.0;C:\Windows\System32\OpenSSH;C:\Program Files\Git\cmd;C:\Program Files\TortoiseGit\bin;C:\Users\Pavel Vitaliov\AppData\Roaming\nvm;C:\Program Files\nodejs;C:\Users\Pavel Vitaliov\AppData\Local\Microsoft\WindowsApps;C:\Users\Pavel Vitaliov\AppData\Roaming\nvm;C:\Program Files\nodejs;C:\Program Files\Git\usr\bin\vendor_perl;C:\Program Files\Git\usr\bin\core_perl

Yarn version: 
  1.22.19

Node version: 
  14.21.3

Platform: 
  win32 x64

Trace: 
  Error: http://github.com/component/emitter/archive/1.0.1.tar.gz: ENOENT: no such file or directory, open 'C:\Users\Pavel Vitaliov\AppData\Local\Yarn\Cache\v6\.tmp\c093b6de586a0ae2ebbab27ba3b833a5\.yarn-tarball.tgz'

npm manifest: 
  {
    "name": "backend",
    "version": "1.0.0",
    "description": "",
    "main": "server.js",
    "scripts": {
      "start": "cross-env NODE_ENV=development nodemon server.js --exec babel-node",
      "dev": "cross-env NODE_ENV=development nodemon server.js --exec babel-node",
      "build": "babel app --out-dir dist/app && babel config --out-dir dist/config && babel server.js -d dist",
      "run": "cross-env NODE_ENV=development nodemon dist/server.js",
      "build-run": "npm run build && npm run run"
    },
    "author": "",
    "license": "ISC",
    "dependencies": {
      "bcryptjs": "2.4.3",
      "body-parser": "1.19.0",
      "cors": "2.8.5",
      "dns": "0.2.2",
      "eslint-config-airbnb-base": "13.1.0",
      "express": "4.17.1",
      "express-bearer-token": "2.4.0",
      "express-session": "1.16.2",
      "express-validation": "1.0.2",
      "joi": "14.3.1",
      "jsonwebtoken": "8.5.1",
      "jwt-decode": "2.2.0",
      "lodash": "4.17.11",
      "moment": "2.24.0",
      "mongoose": "5.6.1",
      "morgan": "1.9.1",
      "net": "1.0.2",
      "passport": "0.4.0",
      "passport-jwt": "4.0.0",
      "passport-local": "1.0.0",
      "qs": "6.7.0"
    },
    "devDependencies": {
      "babel-cli": "6.26.0",
      "babel-core": "6.26.3",
      "babel-eslint": "10.0.2",
      "babel-loader": "8.0.6",
      "babel-plugin-module-resolver": "3.2.0",
      "babel-plugin-syntax-async-functions": "6.13.0",
      "babel-plugin-transform-class-properties": "6.24.1",
      "babel-plugin-transform-object-rest-spread": "6.26.0",
      "babel-plugin-transform-runtime": "6.23.0",
      "babel-polyfill": "6.26.0",
      "babel-preset-env": "1.7.0",
      "babel-preset-es2015": "6.24.1",
      "babel-preset-stage-0": "6.24.1",
      "cross-env": "5.2.0",
      "eslint": "5.16.0",
      "eslint-config-standard": "13.0.1",
      "eslint-plugin-import": "2.18.0",
      "eslint-plugin-node": "9.1.0",
      "eslint-plugin-promise": "4.2.1",
      "eslint-plugin-standard": "4.0.0",
      "file-loader": "4.0.0",
      "nodemon": "1.19.1",
      "path": "0.12.7",
      "pre-commit": "1.2.2"
    }
  }

yarn manifest: 
  No manifest

Lockfile: 
  No lockfile
